<?xml version="1.0" encoding="UTF-8"?>
<testsuite name="com.app.bmicalculator.ExampleUnitTest" tests="1" skipped="0" failures="0" errors="0" timestamp="2024-09-27T08:24:55" hostname="ANDROID2024" time="0.004">
  <properties/>
  <testcase name="addition_isCorrect" classname="com.app.bmicalculator.ExampleUnitTest" time="0.004"/>
  <system-out><![CDATA[]]></system-out>
  <system-err><![CDATA[]]></system-err>
</testsuite>
