<?xml version="1.0" encoding="UTF-8"?>
<testsuite name="com.app.bmicalculator.ExampleUnitTest" tests="1" skipped="0" failures="0" errors="0" timestamp="2024-09-27T07:34:21" hostname="ANDROID2024" time="0.006">
  <properties/>
  <testcase name="addition_isCorrect" classname="com.app.bmicalculator.ExampleUnitTest" time="0.006"/>
  <system-out><![CDATA[]]></system-out>
  <system-err><![CDATA[]]></system-err>
</testsuite>
